0 info it worked if it ends with ok
1 verbose cli [ '/usr/bin/nodejs', '/usr/local/bin/npm', 'start' ]
2 info using npm@3.10.10
3 info using node@v6.9.5
4 verbose run-script [ 'prestart', 'start', 'poststart' ]
5 info lifecycle node-express-es6-starter@0.4.2~prestart: node-express-es6-starter@0.4.2
6 silly lifecycle node-express-es6-starter@0.4.2~prestart: no script for prestart, continuing
7 info lifecycle node-express-es6-starter@0.4.2~start: node-express-es6-starter@0.4.2
8 verbose lifecycle node-express-es6-starter@0.4.2~start: unsafe-perm in lifecycle true
9 verbose lifecycle node-express-es6-starter@0.4.2~start: PATH: /usr/lib/node_modules/npm/bin/node-gyp-bin:/media/bouguerr/DATA/git/xml-xslt/node_modules/.bin:/home/bouguerr/bin:/home/bouguerr/.local/bin:/home/bouguerr/bin:/home/bouguerr/.local/bin:/usr/local/sbin:/usr/local/bin:/usr/sbin:/usr/bin:/sbin:/bin:/usr/games:/usr/local/games:/snap/bin:/snap/bin
10 verbose lifecycle node-express-es6-starter@0.4.2~start: CWD: /media/bouguerr/DATA/git/xml-xslt
11 silly lifecycle node-express-es6-starter@0.4.2~start: Args: [ '-c', 'npm run start:dev' ]
12 silly lifecycle node-express-es6-starter@0.4.2~start: Returned: code: 1  signal: null
13 info lifecycle node-express-es6-starter@0.4.2~start: Failed to exec start script
14 verbose stack Error: node-express-es6-starter@0.4.2 start: `npm run start:dev`
14 verbose stack Exit status 1
14 verbose stack     at EventEmitter.<anonymous> (/usr/lib/node_modules/npm/lib/utils/lifecycle.js:255:16)
14 verbose stack     at emitTwo (events.js:106:13)
14 verbose stack     at EventEmitter.emit (events.js:191:7)
14 verbose stack     at ChildProcess.<anonymous> (/usr/lib/node_modules/npm/lib/utils/spawn.js:40:14)
14 verbose stack     at emitTwo (events.js:106:13)
14 verbose stack     at ChildProcess.emit (events.js:191:7)
14 verbose stack     at maybeClose (internal/child_process.js:877:16)
14 verbose stack     at Process.ChildProcess._handle.onexit (internal/child_process.js:226:5)
15 verbose pkgid node-express-es6-starter@0.4.2
16 verbose cwd /media/bouguerr/DATA/git/xml-xslt
17 error Linux 4.4.0-71-generic
18 error argv "/usr/bin/nodejs" "/usr/local/bin/npm" "start"
19 error node v6.9.5
20 error npm  v3.10.10
21 error code ELIFECYCLE
22 error node-express-es6-starter@0.4.2 start: `npm run start:dev`
22 error Exit status 1
23 error Failed at the node-express-es6-starter@0.4.2 start script 'npm run start:dev'.
23 error Make sure you have the latest version of node.js and npm installed.
23 error If you do, this is most likely a problem with the node-express-es6-starter package,
23 error not with npm itself.
23 error Tell the author that this fails on your system:
23 error     npm run start:dev
23 error You can get information on how to open an issue for this project with:
23 error     npm bugs node-express-es6-starter
23 error Or if that isn't available, you can get their info via:
23 error     npm owner ls node-express-es6-starter
23 error There is likely additional logging output above.
24 verbose exit [ 1, true ]
